# JRE version: Java(TM) SE Runtime Environment (8.0_112-b15) (build 1.8.0_112-b15)
# Java VM: Java HotSpot(TM) 64-Bit Server VM (25.112-b15 mixed mode windows-amd64 compressed oops)
Heap:
 PSYoungGen      total 54784K, used 42022K [0x00000007bc400000, 0x00000007c0000000, 0x00000007c0000000)
  eden space 50176K, 75% used [0x00000007bc400000,0x00000007be8fbf20,0x00000007bf500000)
  from space 4608K, 90% used [0x00000007bfb80000,0x00000007bff8dc28,0x00000007c0000000)
  to   space 5632K, 0% used [0x00000007bf500000,0x00000007bf500000,0x00000007bfa80000)
 ParOldGen       total 290304K, used 254906K [0x0000000700000000, 0x0000000711b80000, 0x00000007bc400000)
  object space 290304K, 87% used [0x0000000700000000,0x000000070f8ee920,0x0000000711b80000)
 Metaspace       used 83663K, capacity 84507K, committed 85120K, reserved 1124352K
  class space    used 10945K, capacity 11101K, committed 11136K, reserved 1048576K
GC Heap History (10 events):
Event: 400348.183 GC heap before
{Heap before GC invocations=15275 (full 1447):
 PSYoungGen      total 58368K, used 56576K [0x00000007bc400000, 0x00000007c0000000, 0x00000007c0000000)
  eden space 55296K, 100% used [0x00000007bc400000,0x00000007bfa00000,0x00000007bfa00000)
  from space 3072K, 41% used [0x00000007bfa00000,0x00000007bfb40000,0x00000007bfd00000)
  to   space 3072K, 0% used [0x00000007bfd00000,0x00000007bfd00000,0x00000007c0000000)
 ParOldGen       total 290304K, used 253666K [0x0000000700000000, 0x0000000711b80000, 0x00000007bc400000)
  object space 290304K, 87% used [0x0000000700000000,0x000000070f7b8920,0x0000000711b80000)
 Metaspace       used 83663K, capacity 84507K, committed 85120K, reserved 1124352K
  class space    used 10945K, capacity 11101K, committed 11136K, reserved 1048576K
Event: 400348.189 GC heap after
Heap after GC invocations=15275 (full 1447):
 PSYoungGen      total 58368K, used 2656K [0x00000007bc400000, 0x00000007c0000000, 0x00000007c0000000)
  eden space 55296K, 0% used [0x00000007bc400000,0x00000007bc400000,0x00000007bfa00000)
  from space 3072K, 86% used [0x00000007bfd00000,0x00000007bff98000,0x00000007c0000000)
  to   space 3072K, 0% used [0x00000007bfa00000,0x00000007bfa00000,0x00000007bfd00000)
 ParOldGen       total 290304K, used 253666K [0x0000000700000000, 0x0000000711b80000, 0x00000007bc400000)
  object space 290304K, 87% used [0x0000000700000000,0x000000070f7b8920,0x0000000711b80000)
 Metaspace       used 83663K, capacity 84507K, committed 85120K, reserved 1124352K
  class space    used 10945K, capacity 11101K, committed 11136K, reserved 1048576K
}
Event: 400352.492 GC heap before
{Heap before GC invocations=15276 (full 1447):
 PSYoungGen      total 58368K, used 57952K [0x00000007bc400000, 0x00000007c0000000, 0x00000007c0000000)
  eden space 55296K, 100% used [0x00000007bc400000,0x00000007bfa00000,0x00000007bfa00000)
  from space 3072K, 86% used [0x00000007bfd00000,0x00000007bff98000,0x00000007c0000000)
  to   space 3072K, 0% used [0x00000007bfa00000,0x00000007bfa00000,0x00000007bfd00000)
 ParOldGen       total 290304K, used 253666K [0x0000000700000000, 0x0000000711b80000, 0x00000007bc400000)
  object space 290304K, 87% used [0x0000000700000000,0x000000070f7b8920,0x0000000711b80000)
 Metaspace       used 83663K, capacity 84507K, committed 85120K, reserved 1124352K
  class space    used 10945K, capacity 11101K, committed 11136K, reserved 1048576K
Event: 400352.496 GC heap after
Heap after GC invocations=15276 (full 1447):
 PSYoungGen      total 57344K, used 2336K [0x00000007bc400000, 0x00000007c0000000, 0x00000007c0000000)
  eden space 54784K, 0% used [0x00000007bc400000,0x00000007bc400000,0x00000007bf980000)
  from space 2560K, 91% used [0x00000007bfa00000,0x00000007bfc48000,0x00000007bfc80000)
  to   space 3584K, 0% used [0x00000007bfc80000,0x00000007bfc80000,0x00000007c0000000)
 ParOldGen       total 290304K, used 253666K [0x0000000700000000, 0x0000000711b80000, 0x00000007bc400000)
  object space 290304K, 87% used [0x0000000700000000,0x000000070f7b8920,0x0000000711b80000)
 Metaspace       used 83663K, capacity 84507K, committed 85120K, reserved 1124352K
  class space    used 10945K, capacity 11101K, committed 11136K, reserved 1048576K
}
Event: 400358.164 GC heap before
{Heap before GC invocations=15277 (full 1447):
 PSYoungGen      total 57344K, used 57120K [0x00000007bc400000, 0x00000007c0000000, 0x00000007c0000000)
  eden space 54784K, 100% used [0x00000007bc400000,0x00000007bf980000,0x00000007bf980000)
  from space 2560K, 91% used [0x00000007bfa00000,0x00000007bfc48000,0x00000007bfc80000)
  to   space 3584K, 0% used [0x00000007bfc80000,0x00000007bfc80000,0x00000007c0000000)
 ParOldGen       total 290304K, used 253666K [0x0000000700000000, 0x0000000711b80000, 0x00000007bc400000)
  object space 290304K, 87% used [0x0000000700000000,0x000000070f7b8920,0x0000000711b80000)
 Metaspace       used 83663K, capacity 84507K, committed 85120K, reserved 1124352K
  class space    used 10945K, capacity 11101K, committed 11136K, reserved 1048576K
Event: 400358.169 GC heap after
Heap after GC invocations=15277 (full 1447):
 PSYoungGen      total 55808K, used 3575K [0x00000007bc400000, 0x00000007c0000000, 0x00000007c0000000)
  eden space 52224K, 0% used [0x00000007bc400000,0x00000007bc400000,0x00000007bf700000)
  from space 3584K, 99% used [0x00000007bfc80000,0x00000007bfffdc20,0x00000007c0000000)
  to   space 4608K, 0% used [0x00000007bf700000,0x00000007bf700000,0x00000007bfb80000)
 ParOldGen       total 290304K, used 254882K [0x0000000700000000, 0x0000000711b80000, 0x00000007bc400000)
  object space 290304K, 87% used [0x0000000700000000,0x000000070f8e8920,0x0000000711b80000)
 Metaspace       used 83663K, capacity 84507K, committed 85120K, reserved 1124352K
  class space    used 10945K, capacity 11101K, committed 11136K, reserved 1048576K
}
Event: 400368.314 GC heap before
{Heap before GC invocations=15278 (full 1447):
 PSYoungGen      total 55808K, used 55799K [0x00000007bc400000, 0x00000007c0000000, 0x00000007c0000000)
  eden space 52224K, 100% used [0x00000007bc400000,0x00000007bf700000,0x00000007bf700000)
  from space 3584K, 99% used [0x00000007bfc80000,0x00000007bfffdc20,0x00000007c0000000)
  to   space 4608K, 0% used [0x00000007bf700000,0x00000007bf700000,0x00000007bfb80000)
 ParOldGen       total 290304K, used 254882K [0x0000000700000000, 0x0000000711b80000, 0x00000007bc400000)
  object space 290304K, 87% used [0x0000000700000000,0x000000070f8e8920,0x0000000711b80000)
 Metaspace       used 83663K, capacity 84507K, committed 85120K, reserved 1124352K
  class space    used 10945K, capacity 11101K, committed 11136K, reserved 1048576K
Event: 400368.319 GC heap after
Heap after GC invocations=15278 (full 1447):
 PSYoungGen      total 56320K, used 4311K [0x00000007bc400000, 0x00000007c0000000, 0x00000007c0000000)
  eden space 51712K, 0% used [0x00000007bc400000,0x00000007bc400000,0x00000007bf680000)
  from space 4608K, 93% used [0x00000007bf700000,0x00000007bfb35c28,0x00000007bfb80000)
  to   space 4608K, 0% used [0x00000007bfb80000,0x00000007bfb80000,0x00000007c0000000)
 ParOldGen       total 290304K, used 254906K [0x0000000700000000, 0x0000000711b80000, 0x00000007bc400000)
  object space 290304K, 87% used [0x0000000700000000,0x000000070f8ee920,0x0000000711b80000)
 Metaspace       used 83663K, capacity 84507K, committed 85120K, reserved 1124352K
  class space    used 10945K, capacity 11101K, committed 11136K, reserved 1048576K
}
Event: 400368.919 GC heap before
{Heap before GC invocations=15279 (full 1447):
 PSYoungGen      total 56320K, used 56023K [0x00000007bc400000, 0x00000007c0000000, 0x00000007c0000000)
  eden space 51712K, 100% used [0x00000007bc400000,0x00000007bf680000,0x00000007bf680000)
  from space 4608K, 93% used [0x00000007bf700000,0x00000007bfb35c28,0x00000007bfb80000)
  to   space 4608K, 0% used [0x00000007bfb80000,0x00000007bfb80000,0x00000007c0000000)
 ParOldGen       total 290304K, used 254906K [0x0000000700000000, 0x0000000711b80000, 0x00000007bc400000)
  object space 290304K, 87% used [0x0000000700000000,0x000000070f8ee920,0x0000000711b80000)
 Metaspace       used 83663K, capacity 84507K, committed 85120K, reserved 1124352K
  class space    used 10945K, capacity 11101K, committed 11136K, reserved 1048576K
Event: 400368.924 GC heap after
Heap after GC invocations=15279 (full 1447):
 PSYoungGen      total 54784K, used 4151K [0x00000007bc400000, 0x00000007c0000000, 0x00000007c0000000)
  eden space 50176K, 0% used [0x00000007bc400000,0x00000007bc400000,0x00000007bf500000)
  from space 4608K, 90% used [0x00000007bfb80000,0x00000007bff8dc28,0x00000007c0000000)
  to   space 5632K, 0% used [0x00000007bf500000,0x00000007bf500000,0x00000007bfa80000)
 ParOldGen       total 290304K, used 254906K [0x0000000700000000, 0x0000000711b80000, 0x00000007bc400000)
  object space 290304K, 87% used [0x0000000700000000,0x000000070f8ee920,0x0000000711b80000)
 Metaspace       used 83663K, capacity 84507K, committed 85120K, reserved 1124352K
  class space    used 10945K, capacity 11101K, committed 11136K, reserved 1048576K
}

