# JRE version: Java(TM) SE Runtime Environment (8.0_112-b15) (build 1.8.0_112-b15)
# Java VM: Java HotSpot(TM) 64-Bit Server VM (25.112-b15 mixed mode windows-amd64 compressed oops)
Heap:
 PSYoungGen      total 57856K, used 7822K [0x00000007bc400000, 0x00000007c0000000, 0x00000007c0000000)
  eden space 53760K, 12% used [0x00000007bc400000,0x00000007bcabbb10,0x00000007bf880000)
  from space 4096K, 22% used [0x00000007bfc00000,0x00000007bfce8000,0x00000007c0000000)
  to   space 3584K, 0% used [0x00000007bf880000,0x00000007bf880000,0x00000007bfc00000)
 ParOldGen       total 301568K, used 220701K [0x0000000700000000, 0x0000000712680000, 0x00000007bc400000)
  object space 301568K, 73% used [0x0000000700000000,0x000000070d787758,0x0000000712680000)
 Metaspace       used 90880K, capacity 91741K, committed 92544K, reserved 1128448K
  class space    used 12681K, capacity 12834K, committed 12928K, reserved 1048576K
GC Heap History (10 events):
Event: 245226.486 GC heap before
{Heap before GC invocations=8434 (full 318):
 PSYoungGen      total 56832K, used 53248K [0x00000007bc400000, 0x00000007c0000000, 0x00000007c0000000)
  eden space 52736K, 100% used [0x00000007bc400000,0x00000007bf780000,0x00000007bf780000)
  from space 4096K, 12% used [0x00000007bf780000,0x00000007bf800000,0x00000007bfb80000)
  to   space 4096K, 0% used [0x00000007bfc00000,0x00000007bfc00000,0x00000007c0000000)
 ParOldGen       total 301568K, used 216829K [0x0000000700000000, 0x0000000712680000, 0x00000007bc400000)
  object space 301568K, 71% used [0x0000000700000000,0x000000070d3bf5f8,0x0000000712680000)
 Metaspace       used 90840K, capacity 91723K, committed 92544K, reserved 1128448K
  class space    used 12679K, capacity 12831K, committed 12928K, reserved 1048576K
Event: 245226.490 GC heap after
Heap after GC invocations=8434 (full 318):
 PSYoungGen      total 57856K, used 512K [0x00000007bc400000, 0x00000007c0000000, 0x00000007c0000000)
  eden space 53760K, 0% used [0x00000007bc400000,0x00000007bc400000,0x00000007bf880000)
  from space 4096K, 12% used [0x00000007bfc00000,0x00000007bfc80000,0x00000007c0000000)
  to   space 3584K, 0% used [0x00000007bf880000,0x00000007bf880000,0x00000007bfc00000)
 ParOldGen       total 301568K, used 216925K [0x0000000700000000, 0x0000000712680000, 0x00000007bc400000)
  object space 301568K, 71% used [0x0000000700000000,0x000000070d3d75f8,0x0000000712680000)
 Metaspace       used 90840K, capacity 91723K, committed 92544K, reserved 1128448K
  class space    used 12679K, capacity 12831K, committed 12928K, reserved 1048576K
}
Event: 245229.769 GC heap before
{Heap before GC invocations=8435 (full 318):
 PSYoungGen      total 57856K, used 54272K [0x00000007bc400000, 0x00000007c0000000, 0x00000007c0000000)
  eden space 53760K, 100% used [0x00000007bc400000,0x00000007bf880000,0x00000007bf880000)
  from space 4096K, 12% used [0x00000007bfc00000,0x00000007bfc80000,0x00000007c0000000)
  to   space 3584K, 0% used [0x00000007bf880000,0x00000007bf880000,0x00000007bfc00000)
 ParOldGen       total 301568K, used 216925K [0x0000000700000000, 0x0000000712680000, 0x00000007bc400000)
  object space 301568K, 71% used [0x0000000700000000,0x000000070d3d75f8,0x0000000712680000)
 Metaspace       used 90841K, capacity 91723K, committed 92544K, reserved 1128448K
  class space    used 12679K, capacity 12831K, committed 12928K, reserved 1048576K
Event: 245229.773 GC heap after
Heap after GC invocations=8435 (full 318):
 PSYoungGen      total 57344K, used 1504K [0x00000007bc400000, 0x00000007c0000000, 0x00000007c0000000)
  eden space 53760K, 0% used [0x00000007bc400000,0x00000007bc400000,0x00000007bf880000)
  from space 3584K, 41% used [0x00000007bf880000,0x00000007bf9f8000,0x00000007bfc00000)
  to   space 3584K, 0% used [0x00000007bfc80000,0x00000007bfc80000,0x00000007c0000000)
 ParOldGen       total 301568K, used 217045K [0x0000000700000000, 0x0000000712680000, 0x00000007bc400000)
  object space 301568K, 71% used [0x0000000700000000,0x000000070d3f55f8,0x0000000712680000)
 Metaspace       used 90841K, capacity 91723K, committed 92544K, reserved 1128448K
  class space    used 12679K, capacity 12831K, committed 12928K, reserved 1048576K
}
Event: 245235.553 GC heap before
{Heap before GC invocations=8436 (full 318):
 PSYoungGen      total 57344K, used 55264K [0x00000007bc400000, 0x00000007c0000000, 0x00000007c0000000)
  eden space 53760K, 100% used [0x00000007bc400000,0x00000007bf880000,0x00000007bf880000)
  from space 3584K, 41% used [0x00000007bf880000,0x00000007bf9f8000,0x00000007bfc00000)
  to   space 3584K, 0% used [0x00000007bfc80000,0x00000007bfc80000,0x00000007c0000000)
 ParOldGen       total 301568K, used 217045K [0x0000000700000000, 0x0000000712680000, 0x00000007bc400000)
  object space 301568K, 71% used [0x0000000700000000,0x000000070d3f55f8,0x0000000712680000)
 Metaspace       used 90851K, capacity 91723K, committed 92544K, reserved 1128448K
  class space    used 12679K, capacity 12831K, committed 12928K, reserved 1048576K
Event: 245235.557 GC heap after
Heap after GC invocations=8436 (full 318):
 PSYoungGen      total 56832K, used 2784K [0x00000007bc400000, 0x00000007c0000000, 0x00000007c0000000)
  eden space 53248K, 0% used [0x00000007bc400000,0x00000007bc400000,0x00000007bf800000)
  from space 3584K, 77% used [0x00000007bfc80000,0x00000007bff38000,0x00000007c0000000)
  to   space 4096K, 0% used [0x00000007bf800000,0x00000007bf800000,0x00000007bfc00000)
 ParOldGen       total 301568K, used 218141K [0x0000000700000000, 0x0000000712680000, 0x00000007bc400000)
  object space 301568K, 72% used [0x0000000700000000,0x000000070d5075f8,0x0000000712680000)
 Metaspace       used 90851K, capacity 91723K, committed 92544K, reserved 1128448K
  class space    used 12679K, capacity 12831K, committed 12928K, reserved 1048576K
}
Event: 245251.196 GC heap before
{Heap before GC invocations=8437 (full 318):
 PSYoungGen      total 56832K, used 56032K [0x00000007bc400000, 0x00000007c0000000, 0x00000007c0000000)
  eden space 53248K, 100% used [0x00000007bc400000,0x00000007bf800000,0x00000007bf800000)
  from space 3584K, 77% used [0x00000007bfc80000,0x00000007bff38000,0x00000007c0000000)
  to   space 4096K, 0% used [0x00000007bf800000,0x00000007bf800000,0x00000007bfc00000)
 ParOldGen       total 301568K, used 218141K [0x0000000700000000, 0x0000000712680000, 0x00000007bc400000)
  object space 301568K, 72% used [0x0000000700000000,0x000000070d5075f8,0x0000000712680000)
 Metaspace       used 90851K, capacity 91723K, committed 92544K, reserved 1128448K
  class space    used 12679K, capacity 12831K, committed 12928K, reserved 1048576K
Event: 245251.200 GC heap after
Heap after GC invocations=8437 (full 318):
 PSYoungGen      total 57344K, used 690K [0x00000007bc400000, 0x00000007c0000000, 0x00000007c0000000)
  eden space 53248K, 0% used [0x00000007bc400000,0x00000007bc400000,0x00000007bf800000)
  from space 4096K, 16% used [0x00000007bf800000,0x00000007bf8acba0,0x00000007bfc00000)
  to   space 4096K, 0% used [0x00000007bfc00000,0x00000007bfc00000,0x00000007c0000000)
 ParOldGen       total 301568K, used 220468K [0x0000000700000000, 0x0000000712680000, 0x00000007bc400000)
  object space 301568K, 73% used [0x0000000700000000,0x000000070d74d188,0x0000000712680000)
 Metaspace       used 90851K, capacity 91723K, committed 92544K, reserved 1128448K
  class space    used 12679K, capacity 12831K, committed 12928K, reserved 1048576K
}
Event: 245253.710 GC heap before
{Heap before GC invocations=8438 (full 318):
 PSYoungGen      total 57344K, used 53938K [0x00000007bc400000, 0x00000007c0000000, 0x00000007c0000000)
  eden space 53248K, 100% used [0x00000007bc400000,0x00000007bf800000,0x00000007bf800000)
  from space 4096K, 16% used [0x00000007bf800000,0x00000007bf8acba0,0x00000007bfc00000)
  to   space 4096K, 0% used [0x00000007bfc00000,0x00000007bfc00000,0x00000007c0000000)
 ParOldGen       total 301568K, used 220468K [0x0000000700000000, 0x0000000712680000, 0x00000007bc400000)
  object space 301568K, 73% used [0x0000000700000000,0x000000070d74d188,0x0000000712680000)
 Metaspace       used 90878K, capacity 91741K, committed 92544K, reserved 1128448K
  class space    used 12681K, capacity 12834K, committed 12928K, reserved 1048576K
Event: 245253.716 GC heap after
Heap after GC invocations=8438 (full 318):
 PSYoungGen      total 57856K, used 928K [0x00000007bc400000, 0x00000007c0000000, 0x00000007c0000000)
  eden space 53760K, 0% used [0x00000007bc400000,0x00000007bc400000,0x00000007bf880000)
  from space 4096K, 22% used [0x00000007bfc00000,0x00000007bfce8000,0x00000007c0000000)
  to   space 3584K, 0% used [0x00000007bf880000,0x00000007bf880000,0x00000007bfc00000)
 ParOldGen       total 301568K, used 220701K [0x0000000700000000, 0x0000000712680000, 0x00000007bc400000)
  object space 301568K, 73% used [0x0000000700000000,0x000000070d787758,0x0000000712680000)
 Metaspace       used 90878K, capacity 91741K, committed 92544K, reserved 1128448K
  class space    used 12681K, capacity 12834K, committed 12928K, reserved 1048576K
}

